        -:    0:Source:dominion.c
        -:    0:Graph:dominion.gcno
        -:    0:Data:dominion.gcda
        -:    0:Runs:1
        -:    0:Programs:1
        -:    1:#include "dominion.h"
        -:    2:#include "dominion_helpers.h"
        -:    3:#include "rngs.h"
        -:    4:#include <stdio.h>
        -:    5:#include <math.h>
        -:    6:#include <stdlib.h>
        -:    7:
function compare called 841953 returned 100% blocks executed 100%
   841953:    8:int compare(const void* a, const void* b) {
   841953:    9:    if (*(int*)a > *(int*)b)
branch  0 taken 1%
branch  1 taken 99%
      952:   10:        return 1;
   841001:   11:    if (*(int*)a < *(int*)b)
branch  0 taken 36%
branch  1 taken 64%
   300000:   12:        return -1;
   541001:   13:    return 0;
   841953:   14:}
        -:   15:
function newGame called 0 returned 0% blocks executed 0%
    #####:   16:struct gameState* newGame() {
    #####:   17:    struct gameState* g = malloc(sizeof(struct gameState));
    #####:   18:    return g;
        -:   19:}
        -:   20:
function kingdomCards called 0 returned 0% blocks executed 0%
    #####:   21:int* kingdomCards(int k1, int k2, int k3, int k4, int k5, int k6, int k7,
        -:   22:                  int k8, int k9, int k10) {
    #####:   23:    int* k = malloc(10 * sizeof(int));
    #####:   24:    k[0] = k1;
    #####:   25:    k[1] = k2;
    #####:   26:    k[2] = k3;
    #####:   27:    k[3] = k4;
    #####:   28:    k[4] = k5;
    #####:   29:    k[5] = k6;
    #####:   30:    k[6] = k7;
    #####:   31:    k[7] = k8;
    #####:   32:    k[8] = k9;
    #####:   33:    k[9] = k10;
    #####:   34:    return k;
        -:   35:}
        -:   36:
function initializeGame called 30000 returned 100% blocks executed 87%
    30000:   37:int initializeGame(int numPlayers, int kingdomCards[10], int randomSeed,
        -:   38:                   struct gameState *state) {
        -:   39:    int i;
        -:   40:    int j;
        -:   41:    int it;
        -:   42:
        -:   43:    //set up random number generator
    30000:   44:    SelectStream(1);
    30000:   45:    PutSeed((long)randomSeed);
        -:   46:
        -:   47:    //check number of players
    30000:   48:    if (numPlayers > MAX_PLAYERS || numPlayers < 2)
branch  0 taken 100%
branch  1 taken 0%
branch  2 taken 0%
branch  3 taken 100%
        -:   49:    {
    #####:   50:        return -1;
        -:   51:    }
        -:   52:
        -:   53:    //set number of players
    30000:   54:    state->numPlayers = numPlayers;
        -:   55:
        -:   56:    //check selected kingdom cards are different
   330000:   57:    for (i = 0; i < 10; i++)
branch  0 taken 91%
branch  1 taken 9%
        -:   58:    {
  3300000:   59:        for (j = 0; j < 10; j++)
branch  0 taken 91%
branch  1 taken 9%
        -:   60:        {
  3000000:   61:            if (j != i && kingdomCards[j] == kingdomCards[i])
branch  0 taken 90%
branch  1 taken 10%
branch  2 taken 0%
branch  3 taken 100%
        -:   62:            {
    #####:   63:                return -1;
        -:   64:            }
  3000000:   65:        }
   300000:   66:    }
        -:   67:
        -:   68:
        -:   69:    //initialize supply
        -:   70:    ///////////////////////////////
        -:   71:
        -:   72:    //set number of Curse cards
    30000:   73:    if (numPlayers == 2)
branch  0 taken 100%
branch  1 taken 0%
        -:   74:    {
    30000:   75:        state->supplyCount[curse] = 10;
    30000:   76:    }
    #####:   77:    else if (numPlayers == 3)
branch  0 never executed
branch  1 never executed
        -:   78:    {
    #####:   79:        state->supplyCount[curse] = 20;
    #####:   80:    }
        -:   81:    else
        -:   82:    {
    #####:   83:        state->supplyCount[curse] = 30;
        -:   84:    }
        -:   85:
        -:   86:    //set number of Victory cards
    30000:   87:    if (numPlayers == 2)
branch  0 taken 100%
branch  1 taken 0%
        -:   88:    {
    30000:   89:        state->supplyCount[estate] = 8;
    30000:   90:        state->supplyCount[duchy] = 8;
    30000:   91:        state->supplyCount[province] = 8;
    30000:   92:    }
        -:   93:    else
        -:   94:    {
    #####:   95:        state->supplyCount[estate] = 12;
    #####:   96:        state->supplyCount[duchy] = 12;
    #####:   97:        state->supplyCount[province] = 12;
        -:   98:    }
        -:   99:
        -:  100:    //set number of Treasure cards
    30000:  101:    state->supplyCount[copper] = 60 - (7 * numPlayers);
    30000:  102:    state->supplyCount[silver] = 40;
    30000:  103:    state->supplyCount[gold] = 30;
        -:  104:
        -:  105:    //set number of Kingdom cards
   630000:  106:    for (i = adventurer; i <= treasure_map; i++)       	//loop all cards
branch  0 taken 95%
branch  1 taken 5%
        -:  107:    {
  4980000:  108:        for (j = 0; j < 10; j++)           		//loop chosen cards
branch  0 taken 93%
branch  1 taken 7%
        -:  109:        {
  4650000:  110:            if (kingdomCards[j] == i)
branch  0 taken 6%
branch  1 taken 94%
        -:  111:            {
        -:  112:                //check if card is a 'Victory' Kingdom card
   270000:  113:                if (kingdomCards[j] == great_hall || kingdomCards[j] == gardens)
branch  0 taken 100%
branch  1 taken 0%
branch  2 taken 11%
branch  3 taken 89%
        -:  114:                {
    30000:  115:                    if (numPlayers == 2) {
branch  0 taken 100%
branch  1 taken 0%
    30000:  116:                        state->supplyCount[i] = 8;
    30000:  117:                    }
        -:  118:                    else {
    #####:  119:                        state->supplyCount[i] = 12;
        -:  120:                    }
    30000:  121:                }
        -:  122:                else
        -:  123:                {
   240000:  124:                    state->supplyCount[i] = 10;
        -:  125:                }
   270000:  126:                break;
        -:  127:            }
        -:  128:            else    //card is not in the set choosen for the game
        -:  129:            {
  4380000:  130:                state->supplyCount[i] = -1;
        -:  131:            }
  4380000:  132:        }
        -:  133:
   600000:  134:    }
        -:  135:
        -:  136:    ////////////////////////
        -:  137:    //supply initialization complete
        -:  138:
        -:  139:    //set player decks
    90000:  140:    for (i = 0; i < numPlayers; i++)
branch  0 taken 67%
branch  1 taken 33%
        -:  141:    {
    60000:  142:        state->deckCount[i] = 0;
   240000:  143:        for (j = 0; j < 3; j++)
branch  0 taken 75%
branch  1 taken 25%
        -:  144:        {
   180000:  145:            state->deck[i][j] = estate;
   180000:  146:            state->deckCount[i]++;
   180000:  147:        }
   480000:  148:        for (j = 3; j < 10; j++)
branch  0 taken 88%
branch  1 taken 13%
        -:  149:        {
   420000:  150:            state->deck[i][j] = copper;
   420000:  151:            state->deckCount[i]++;
   420000:  152:        }
    60000:  153:    }
        -:  154:
        -:  155:    //shuffle player decks
    90000:  156:    for (i = 0; i < numPlayers; i++)
branch  0 taken 67%
branch  1 taken 33%
        -:  157:    {
    60000:  158:        if ( shuffle(i, state) < 0 )
branch  0 taken 0%
branch  1 taken 100%
        -:  159:        {
    #####:  160:            return -1;
        -:  161:        }
    60000:  162:    }
        -:  163:
        -:  164:    //draw player hands
    90000:  165:    for (i = 0; i < numPlayers; i++)
branch  0 taken 67%
branch  1 taken 33%
        -:  166:    {
        -:  167:        //initialize hand size to zero
    60000:  168:        state->handCount[i] = 0;
    60000:  169:        state->discardCount[i] = 0;
        -:  170:        //draw 5 cards
        -:  171:        // for (j = 0; j < 5; j++)
        -:  172:        //	{
        -:  173:        //	  drawCard(i, state);
        -:  174:        //	}
    60000:  175:    }
        -:  176:
        -:  177:    //set embargo tokens to 0 for all supply piles
   840000:  178:    for (i = 0; i <= treasure_map; i++)
branch  0 taken 96%
branch  1 taken 4%
        -:  179:    {
   810000:  180:        state->embargoTokens[i] = 0;
   810000:  181:    }
        -:  182:
        -:  183:    //initialize first player's turn
    30000:  184:    state->outpostPlayed = 0;
    30000:  185:    state->phase = 0;
    30000:  186:    state->numActions = 1;
    30000:  187:    state->numBuys = 1;
    30000:  188:    state->playedCardCount = 0;
    30000:  189:    state->whoseTurn = 0;
    30000:  190:    state->handCount[state->whoseTurn] = 0;
        -:  191:    //int it; move to top
        -:  192:
        -:  193:    //Moved draw cards to here, only drawing at the start of a turn
   180000:  194:    for (it = 0; it < 5; it++) {
branch  0 taken 83%
branch  1 taken 17%
   150000:  195:        drawCard(state->whoseTurn, state);
   150000:  196:    }
        -:  197:
    30000:  198:    updateCoins(state->whoseTurn, state, 0);
        -:  199:
    30000:  200:    return 0;
    30000:  201:}
        -:  202:
function shuffle called 60757 returned 100% blocks executed 93%
    60757:  203:int shuffle(int player, struct gameState *state) {
        -:  204:
        -:  205:
        -:  206:    int newDeck[MAX_DECK];
    60757:  207:    int newDeckPos = 0;
        -:  208:    int card;
        -:  209:    int i;
        -:  210:
    60757:  211:    if (state->deckCount[player] < 1)
branch  0 taken 0%
branch  1 taken 100%
    #####:  212:        return -1;
    60757:  213:    qsort ((void*)(state->deck[player]), state->deckCount[player], sizeof(int), compare);
        -:  214:    /* SORT CARDS IN DECK TO ENSURE DETERMINISM! */
        -:  215:
   662991:  216:    while (state->deckCount[player] > 0) {
branch  0 taken 91%
branch  1 taken 9%
   602234:  217:        card = floor(Random() * state->deckCount[player]);
   602234:  218:        newDeck[newDeckPos] = state->deck[player][card];
   602234:  219:        newDeckPos++;
  2124798:  220:        for (i = card; i < state->deckCount[player]-1; i++) {
branch  0 taken 72%
branch  1 taken 28%
  1522564:  221:            state->deck[player][i] = state->deck[player][i+1];
  1522564:  222:        }
   602234:  223:        state->deckCount[player]--;
        -:  224:    }
   662991:  225:    for (i = 0; i < newDeckPos; i++) {
branch  0 taken 91%
branch  1 taken 9%
   602234:  226:        state->deck[player][i] = newDeck[i];
   602234:  227:        state->deckCount[player]++;
   602234:  228:    }
        -:  229:
    60757:  230:    return 0;
    60757:  231:}
        -:  232:
function playCard called 0 returned 0% blocks executed 0%
    #####:  233:int playCard(int handPos, int choice1, int choice2, int choice3, struct gameState *state)
        -:  234:{
        -:  235:    int card;
    #####:  236:    int coin_bonus = 0; 		//tracks coins gain from actions
        -:  237:
        -:  238:    //check if it is the right phase
    #####:  239:    if (state->phase != 0)
branch  0 never executed
branch  1 never executed
        -:  240:    {
    #####:  241:        return -1;
        -:  242:    }
        -:  243:
        -:  244:    //check if player has enough actions
    #####:  245:    if ( state->numActions < 1 )
branch  0 never executed
branch  1 never executed
        -:  246:    {
    #####:  247:        return -1;
        -:  248:    }
        -:  249:
        -:  250:    //get card played
    #####:  251:    card = handCard(handPos, state);
        -:  252:
        -:  253:    //check if selected card is an action
    #####:  254:    if ( card < adventurer || card > treasure_map )
branch  0 never executed
branch  1 never executed
branch  2 never executed
branch  3 never executed
        -:  255:    {
    #####:  256:        return -1;
        -:  257:    }
        -:  258:
        -:  259:    //play card
    #####:  260:    if ( cardEffect(card, choice1, choice2, choice3, state, handPos, &coin_bonus) < 0 )
branch  0 never executed
branch  1 never executed
        -:  261:    {
    #####:  262:        return -1;
        -:  263:    }
        -:  264:
        -:  265:    //reduce number of actions
    #####:  266:    state->numActions--;
        -:  267:
        -:  268:    //update coins (Treasure cards may be added with card draws)
    #####:  269:    updateCoins(state->whoseTurn, state, coin_bonus);
        -:  270:
    #####:  271:    return 0;
    #####:  272:}
        -:  273:
function buyCard called 0 returned 0% blocks executed 0%
    #####:  274:int buyCard(int supplyPos, struct gameState *state) {
        -:  275:    int who;
        -:  276:    if (DEBUG) {
        -:  277:        printf("Entering buyCard...\n");
        -:  278:    }
        -:  279:
        -:  280:    // I don't know what to do about the phase thing.
        -:  281:
    #####:  282:    who = state->whoseTurn;
        -:  283:
    #####:  284:    if (state->numBuys < 1) {
branch  0 never executed
branch  1 never executed
        -:  285:        if (DEBUG)
        -:  286:            printf("You do not have any buys left\n");
    #####:  287:        return -1;
    #####:  288:    } else if (supplyCount(supplyPos, state) <1) {
branch  0 never executed
branch  1 never executed
        -:  289:        if (DEBUG)
        -:  290:            printf("There are not any of that type of card left\n");
    #####:  291:        return -1;
    #####:  292:    } else if (state->coins < getCost(supplyPos)) {
branch  0 never executed
branch  1 never executed
        -:  293:        if (DEBUG)
        -:  294:            printf("You do not have enough money to buy that. You have %d coins.\n", state->coins);
    #####:  295:        return -1;
        -:  296:    } else {
    #####:  297:        state->phase=1;
        -:  298:        //state->supplyCount[supplyPos]--;
    #####:  299:        gainCard(supplyPos, state, 0, who); //card goes in discard, this might be wrong.. (2 means goes into hand, 0 goes into discard)
        -:  300:
    #####:  301:        state->coins = (state->coins) - (getCost(supplyPos));
    #####:  302:        state->numBuys--;
        -:  303:        if (DEBUG)
        -:  304:            printf("You bought card number %d for %d coins. You now have %d buys and %d coins.\n", supplyPos, getCost(supplyPos), state->numBuys, state->coins);
        -:  305:    }
        -:  306:
        -:  307:    //state->discard[who][state->discardCount[who]] = supplyPos;
        -:  308:    //state->discardCount[who]++;
        -:  309:
    #####:  310:    return 0;
    #####:  311:}
        -:  312:
function numHandCards called 12580 returned 100% blocks executed 100%
    12580:  313:int numHandCards(struct gameState *state) {
    12580:  314:    return state->handCount[ whoseTurn(state) ];
        -:  315:}
        -:  316:
function handCard called 0 returned 0% blocks executed 0%
    #####:  317:int handCard(int handPos, struct gameState *state) {
    #####:  318:    int currentPlayer = whoseTurn(state);
    #####:  319:    return state->hand[currentPlayer][handPos];
        -:  320:}
        -:  321:
function supplyCount called 10263 returned 100% blocks executed 100%
    10263:  322:int supplyCount(int card, struct gameState *state) {
    10263:  323:    return state->supplyCount[card];
        -:  324:}
        -:  325:
function fullDeckCount called 0 returned 0% blocks executed 0%
    #####:  326:int fullDeckCount(int player, int card, struct gameState *state) {
        -:  327:    int i;
    #####:  328:    int count = 0;
        -:  329:
    #####:  330:    for (i = 0; i < state->deckCount[player]; i++)
branch  0 never executed
branch  1 never executed
        -:  331:    {
    #####:  332:        if (state->deck[player][i] == card) count++;
branch  0 never executed
branch  1 never executed
    #####:  333:    }
        -:  334:
    #####:  335:    for (i = 0; i < state->handCount[player]; i++)
branch  0 never executed
branch  1 never executed
        -:  336:    {
    #####:  337:        if (state->hand[player][i] == card) count++;
branch  0 never executed
branch  1 never executed
    #####:  338:    }
        -:  339:
    #####:  340:    for (i = 0; i < state->discardCount[player]; i++)
branch  0 never executed
branch  1 never executed
        -:  341:    {
    #####:  342:        if (state->discard[player][i] == card) count++;
branch  0 never executed
branch  1 never executed
    #####:  343:    }
        -:  344:
    #####:  345:    return count;
        -:  346:}
        -:  347:
function whoseTurn called 42582 returned 100% blocks executed 100%
    42582:  348:int whoseTurn(struct gameState *state) {
    42582:  349:    return state->whoseTurn;
        -:  350:}
        -:  351:
function endTurn called 0 returned 0% blocks executed 0%
    #####:  352:int endTurn(struct gameState *state) {
        -:  353:    int k;
        -:  354:    int i;
    #####:  355:    int currentPlayer = whoseTurn(state);
        -:  356:
        -:  357:    //Discard hand
    #####:  358:    for (i = 0; i < state->handCount[currentPlayer]; i++) {
branch  0 never executed
branch  1 never executed
    #####:  359:        state->discard[currentPlayer][state->discardCount[currentPlayer]++] = state->hand[currentPlayer][i];//Discard
    #####:  360:        state->hand[currentPlayer][i] = -1;//Set card to -1
    #####:  361:    }
    #####:  362:    state->handCount[currentPlayer] = 0;//Reset hand count
        -:  363:
        -:  364:    //Code for determining the player
    #####:  365:    if (currentPlayer < (state->numPlayers - 1)) {
branch  0 never executed
branch  1 never executed
    #####:  366:        state->whoseTurn = currentPlayer + 1;//Still safe to increment
    #####:  367:    }
        -:  368:    else {
    #####:  369:        state->whoseTurn = 0;//Max player has been reached, loop back around to player 1
        -:  370:    }
        -:  371:
    #####:  372:    state->outpostPlayed = 0;
    #####:  373:    state->phase = 0;
    #####:  374:    state->numActions = 1;
    #####:  375:    state->coins = 0;
    #####:  376:    state->numBuys = 1;
    #####:  377:    state->playedCardCount = 0;
    #####:  378:    state->handCount[state->whoseTurn] = 0;
        -:  379:
        -:  380:    //int k; move to top
        -:  381:    //Next player draws hand
    #####:  382:    for (k = 0; k < 5; k++) {
branch  0 never executed
branch  1 never executed
    #####:  383:        drawCard(state->whoseTurn, state);//Draw a card
    #####:  384:    }
        -:  385:
        -:  386:    //Update money
    #####:  387:    updateCoins(state->whoseTurn, state, 0);
        -:  388:
    #####:  389:    return 0;
        -:  390:}
        -:  391:
function isGameOver called 5019 returned 100% blocks executed 76%
     5019:  392:int isGameOver(struct gameState *state) {
        -:  393:    int i;
        -:  394:    int j;
        -:  395:
        -:  396:    //if stack of Province cards is empty, the game ends
     5019:  397:    if (state->supplyCount[province] == 0)
branch  0 taken 0%
branch  1 taken 100%
        -:  398:    {
    #####:  399:        return 1;
        -:  400:    }
        -:  401:
        -:  402:    //if three supply pile are at 0, the game ends
     5019:  403:    j = 0;
   130494:  404:    for (i = 0; i < 25; i++)
branch  0 taken 96%
branch  1 taken 4%
        -:  405:    {
   125475:  406:        if (state->supplyCount[i] == 0)
branch  0 taken 0%
branch  1 taken 100%
        -:  407:        {
    #####:  408:            j++;
    #####:  409:        }
   125475:  410:    }
     5019:  411:    if ( j >= 3)
branch  0 taken 0%
branch  1 taken 100%
        -:  412:    {
    #####:  413:        return 1;
        -:  414:    }
        -:  415:
     5019:  416:    return 0;
     5019:  417:}
        -:  418:
function scoreFor called 0 returned 0% blocks executed 0%
    #####:  419:int scoreFor (int player, struct gameState *state) {
        -:  420:
        -:  421:    int i;
    #####:  422:    int score = 0;
        -:  423:    //score from hand
    #####:  424:    for (i = 0; i < state->handCount[player]; i++)
branch  0 never executed
branch  1 never executed
        -:  425:    {
    #####:  426:        if (state->hand[player][i] == curse) {
branch  0 never executed
branch  1 never executed
    #####:  427:            score = score - 1;
    #####:  428:        };
    #####:  429:        if (state->hand[player][i] == estate) {
branch  0 never executed
branch  1 never executed
    #####:  430:            score = score + 1;
    #####:  431:        };
    #####:  432:        if (state->hand[player][i] == duchy) {
branch  0 never executed
branch  1 never executed
    #####:  433:            score = score + 3;
    #####:  434:        };
    #####:  435:        if (state->hand[player][i] == province) {
branch  0 never executed
branch  1 never executed
    #####:  436:            score = score + 6;
    #####:  437:        };
    #####:  438:        if (state->hand[player][i] == great_hall) {
branch  0 never executed
branch  1 never executed
    #####:  439:            score = score + 1;
    #####:  440:        };
    #####:  441:        if (state->hand[player][i] == gardens) {
branch  0 never executed
branch  1 never executed
    #####:  442:            score = score + ( fullDeckCount(player, 0, state) / 10 );
    #####:  443:        };
    #####:  444:    }
        -:  445:
        -:  446:    //score from discard
    #####:  447:    for (i = 0; i < state->discardCount[player]; i++)
branch  0 never executed
branch  1 never executed
        -:  448:    {
    #####:  449:        if (state->discard[player][i] == curse) {
branch  0 never executed
branch  1 never executed
    #####:  450:            score = score - 1;
    #####:  451:        };
    #####:  452:        if (state->discard[player][i] == estate) {
branch  0 never executed
branch  1 never executed
    #####:  453:            score = score + 1;
    #####:  454:        };
    #####:  455:        if (state->discard[player][i] == duchy) {
branch  0 never executed
branch  1 never executed
    #####:  456:            score = score + 3;
    #####:  457:        };
    #####:  458:        if (state->discard[player][i] == province) {
branch  0 never executed
branch  1 never executed
    #####:  459:            score = score + 6;
    #####:  460:        };
    #####:  461:        if (state->discard[player][i] == great_hall) {
branch  0 never executed
branch  1 never executed
    #####:  462:            score = score + 1;
    #####:  463:        };
    #####:  464:        if (state->discard[player][i] == gardens) {
branch  0 never executed
branch  1 never executed
    #####:  465:            score = score + ( fullDeckCount(player, 0, state) / 10 );
    #####:  466:        };
    #####:  467:    }
        -:  468:
        -:  469:    //score from deck
    #####:  470:    for (i = 0; i < state->discardCount[player]; i++)
branch  0 never executed
branch  1 never executed
        -:  471:    {
    #####:  472:        if (state->deck[player][i] == curse) {
branch  0 never executed
branch  1 never executed
    #####:  473:            score = score - 1;
    #####:  474:        };
    #####:  475:        if (state->deck[player][i] == estate) {
branch  0 never executed
branch  1 never executed
    #####:  476:            score = score + 1;
    #####:  477:        };
    #####:  478:        if (state->deck[player][i] == duchy) {
branch  0 never executed
branch  1 never executed
    #####:  479:            score = score + 3;
    #####:  480:        };
    #####:  481:        if (state->deck[player][i] == province) {
branch  0 never executed
branch  1 never executed
    #####:  482:            score = score + 6;
    #####:  483:        };
    #####:  484:        if (state->deck[player][i] == great_hall) {
branch  0 never executed
branch  1 never executed
    #####:  485:            score = score + 1;
    #####:  486:        };
    #####:  487:        if (state->deck[player][i] == gardens) {
branch  0 never executed
branch  1 never executed
    #####:  488:            score = score + ( fullDeckCount(player, 0, state) / 10 );
    #####:  489:        };
    #####:  490:    }
        -:  491:
    #####:  492:    return score;
        -:  493:}
        -:  494:
function getWinners called 0 returned 0% blocks executed 0%
    #####:  495:int getWinners(int players[MAX_PLAYERS], struct gameState *state) {
        -:  496:    int i;
        -:  497:    int j;
        -:  498:    int highScore;
        -:  499:    int currentPlayer;
        -:  500:
        -:  501:    //get score for each player
    #####:  502:    for (i = 0; i < MAX_PLAYERS; i++)
branch  0 never executed
branch  1 never executed
        -:  503:    {
        -:  504:        //set unused player scores to -9999
    #####:  505:        if (i >= state->numPlayers)
branch  0 never executed
branch  1 never executed
        -:  506:        {
    #####:  507:            players[i] = -9999;
    #####:  508:        }
        -:  509:        else
        -:  510:        {
    #####:  511:            players[i] = scoreFor (i, state);
        -:  512:        }
    #####:  513:    }
        -:  514:
        -:  515:    //find highest score
    #####:  516:    j = 0;
    #####:  517:    for (i = 0; i < MAX_PLAYERS; i++)
branch  0 never executed
branch  1 never executed
        -:  518:    {
    #####:  519:        if (players[i] > players[j])
branch  0 never executed
branch  1 never executed
        -:  520:        {
    #####:  521:            j = i;
    #####:  522:        }
    #####:  523:    }
    #####:  524:    highScore = players[j];
        -:  525:
        -:  526:    //add 1 to players who had less turns
    #####:  527:    currentPlayer = whoseTurn(state);
    #####:  528:    for (i = 0; i < MAX_PLAYERS; i++)
branch  0 never executed
branch  1 never executed
        -:  529:    {
    #####:  530:        if ( players[i] == highScore && i > currentPlayer )
branch  0 never executed
branch  1 never executed
branch  2 never executed
branch  3 never executed
        -:  531:        {
    #####:  532:            players[i]++;
    #####:  533:        }
    #####:  534:    }
        -:  535:
        -:  536:    //find new highest score
    #####:  537:    j = 0;
    #####:  538:    for (i = 0; i < MAX_PLAYERS; i++)
branch  0 never executed
branch  1 never executed
        -:  539:    {
    #####:  540:        if ( players[i] > players[j] )
branch  0 never executed
branch  1 never executed
        -:  541:        {
    #####:  542:            j = i;
    #####:  543:        }
    #####:  544:    }
    #####:  545:    highScore = players[j];
        -:  546:
        -:  547:    //set winners in array to 1 and rest to 0
    #####:  548:    for (i = 0; i < MAX_PLAYERS; i++)
branch  0 never executed
branch  1 never executed
        -:  549:    {
    #####:  550:        if ( players[i] == highScore )
branch  0 never executed
branch  1 never executed
        -:  551:        {
    #####:  552:            players[i] = 1;
    #####:  553:        }
        -:  554:        else
        -:  555:        {
    #####:  556:            players[i] = 0;
        -:  557:        }
    #####:  558:    }
        -:  559:
    #####:  560:    return 0;
        -:  561:}
        -:  562:
function drawCard called 168712 returned 100% blocks executed 41%
   168712:  563:int drawCard(int player, struct gameState *state)
        -:  564:{   int count;
        -:  565:    int deckCounter;
   168712:  566:    if (state->deckCount[player] <= 0) { //Deck is empty
branch  0 taken 0%
branch  1 taken 100%
        -:  567:
        -:  568:        //Step 1 Shuffle the discard pile back into a deck
        -:  569:        int i;
        -:  570:        //Move discard to deck
    #####:  571:        for (i = 0; i < state->discardCount[player]; i++) {
branch  0 never executed
branch  1 never executed
    #####:  572:            state->deck[player][i] = state->discard[player][i];
    #####:  573:            state->discard[player][i] = -1;
    #####:  574:        }
        -:  575:
    #####:  576:        state->deckCount[player] = state->discardCount[player];
    #####:  577:        state->discardCount[player] = 0;//Reset discard
        -:  578:
        -:  579:        //Shufffle the deck
    #####:  580:        shuffle(player, state);//Shuffle the deck up and make it so that we can draw
        -:  581:
        -:  582:        if (DEBUG) { //Debug statements
        -:  583:            printf("Deck count now: %d\n", state->deckCount[player]);
        -:  584:        }
        -:  585:
    #####:  586:        state->discardCount[player] = 0;
        -:  587:
        -:  588:        //Step 2 Draw Card
    #####:  589:        count = state->handCount[player];//Get current player's hand count
        -:  590:
        -:  591:        if (DEBUG) { //Debug statements
        -:  592:            printf("Current hand count: %d\n", count);
        -:  593:        }
        -:  594:
    #####:  595:        deckCounter = state->deckCount[player];//Create a holder for the deck count
        -:  596:
    #####:  597:        if (deckCounter == 0)
branch  0 never executed
branch  1 never executed
    #####:  598:            return -1;
        -:  599:
    #####:  600:        state->hand[player][count] = state->deck[player][deckCounter - 1];//Add card to hand
    #####:  601:        state->deckCount[player]--;
    #####:  602:        state->handCount[player]++;//Increment hand count
    #####:  603:    }
        -:  604:
        -:  605:    else {
   168712:  606:        int count = state->handCount[player];//Get current hand count for player
        -:  607:        int deckCounter;
        -:  608:        if (DEBUG) { //Debug statements
        -:  609:            printf("Current hand count: %d\n", count);
        -:  610:        }
        -:  611:
   168712:  612:        deckCounter = state->deckCount[player];//Create holder for the deck count
   168712:  613:        state->hand[player][count] = state->deck[player][deckCounter - 1];//Add card to the hand
   168712:  614:        state->deckCount[player]--;
   168712:  615:        state->handCount[player]++;//Increment hand count
        -:  616:    }
        -:  617:
   168712:  618:    return 0;
   168712:  619:}
        -:  620:
function getCost called 0 returned 0% blocks executed 0%
    #####:  621:int getCost(int cardNumber)
        -:  622:{
    #####:  623:    switch( cardNumber )
branch  0 never executed
branch  1 never executed
branch  2 never executed
branch  3 never executed
branch  4 never executed
branch  5 never executed
branch  6 never executed
branch  7 never executed
branch  8 never executed
branch  9 never executed
branch 10 never executed
branch 11 never executed
branch 12 never executed
branch 13 never executed
branch 14 never executed
branch 15 never executed
branch 16 never executed
branch 17 never executed
branch 18 never executed
branch 19 never executed
branch 20 never executed
branch 21 never executed
branch 22 never executed
branch 23 never executed
branch 24 never executed
branch 25 never executed
branch 26 never executed
branch 27 never executed
        -:  624:    {
        -:  625:    case curse:
    #####:  626:        return 0;
        -:  627:    case estate:
    #####:  628:        return 2;
        -:  629:    case duchy:
    #####:  630:        return 5;
        -:  631:    case province:
    #####:  632:        return 8;
        -:  633:    case copper:
    #####:  634:        return 0;
        -:  635:    case silver:
    #####:  636:        return 3;
        -:  637:    case gold:
    #####:  638:        return 6;
        -:  639:    case adventurer:
    #####:  640:        return 6;
        -:  641:    case council_room:
    #####:  642:        return 5;
        -:  643:    case feast:
    #####:  644:        return 4;
        -:  645:    case gardens:
    #####:  646:        return 4;
        -:  647:    case mine:
    #####:  648:        return 5;
        -:  649:    case remodel:
    #####:  650:        return 4;
        -:  651:    case smithy:
    #####:  652:        return 4;
        -:  653:    case village:
    #####:  654:        return 3;
        -:  655:    case baron:
    #####:  656:        return 4;
        -:  657:    case great_hall:
    #####:  658:        return 3;
        -:  659:    case minion:
    #####:  660:        return 5;
        -:  661:    case steward:
    #####:  662:        return 3;
        -:  663:    case tribute:
    #####:  664:        return 5;
        -:  665:    case ambassador:
    #####:  666:        return 3;
        -:  667:    case cutpurse:
    #####:  668:        return 4;
        -:  669:    case embargo:
    #####:  670:        return 2;
        -:  671:    case outpost:
    #####:  672:        return 5;
        -:  673:    case salvager:
    #####:  674:        return 4;
        -:  675:    case sea_hag:
    #####:  676:        return 4;
        -:  677:    case treasure_map:
    #####:  678:        return 4;
        -:  679:    }
        -:  680:
    #####:  681:    return -1;
    #####:  682:}
        -:  683:
function cardEffect called 0 returned 0% blocks executed 0%
    #####:  684:int cardEffect(int card, int choice1, int choice2, int choice3, struct gameState *state, int handPos, int *bonus)
        -:  685:{
        -:  686:    int i;
        -:  687:    int j;
        -:  688:    int k;
        -:  689:    int x;
        -:  690:    int index;
    #####:  691:    int currentPlayer = whoseTurn(state);
    #####:  692:    int nextPlayer = currentPlayer + 1;
        -:  693:
    #####:  694:    int tributeRevealedCards[2] = {-1, -1};
        -:  695:    int temphand[MAX_HAND];// moved above the if statement
    #####:  696:    int drawntreasure=0;
        -:  697:    int cardDrawn;
    #####:  698:    int z = 0;// this is the counter for the temp hand
    #####:  699:    if (nextPlayer > (state->numPlayers - 1)) {
branch  0 never executed
branch  1 never executed
    #####:  700:        nextPlayer = 0;
    #####:  701:    }
        -:  702:
        -:  703:
        -:  704:    //uses switch to select card and perform actions
    #####:  705:    switch( card )
branch  0 never executed
branch  1 never executed
branch  2 never executed
branch  3 never executed
branch  4 never executed
branch  5 never executed
branch  6 never executed
branch  7 never executed
branch  8 never executed
branch  9 never executed
branch 10 never executed
branch 11 never executed
branch 12 never executed
branch 13 never executed
branch 14 never executed
branch 15 never executed
branch 16 never executed
branch 17 never executed
branch 18 never executed
branch 19 never executed
branch 20 never executed
        -:  706:    {
        -:  707:    case adventurer:
    #####:  708:        while(drawntreasure<2) {
branch  0 never executed
branch  1 never executed
    #####:  709:            if (state->deckCount[currentPlayer] <1) { //if the deck is empty we need to shuffle discard and add to deck
branch  0 never executed
branch  1 never executed
    #####:  710:                shuffle(currentPlayer, state);
    #####:  711:            }
    #####:  712:            drawCard(currentPlayer, state);
    #####:  713:            cardDrawn = state->hand[currentPlayer][state->handCount[currentPlayer]-1];//top card of hand is most recently drawn card.
    #####:  714:            if (cardDrawn == copper || cardDrawn == silver || cardDrawn == gold)
branch  0 never executed
branch  1 never executed
branch  2 never executed
branch  3 never executed
branch  4 never executed
branch  5 never executed
    #####:  715:                drawntreasure++;
        -:  716:            else {
    #####:  717:                temphand[z]=cardDrawn;
    #####:  718:                state->handCount[currentPlayer]--; //this should just remove the top card (the most recently drawn one).
    #####:  719:                z++;
        -:  720:            }
        -:  721:        }
    #####:  722:        while(z-1>=0) {
branch  0 never executed
branch  1 never executed
    #####:  723:            state->discard[currentPlayer][state->discardCount[currentPlayer]++]=temphand[z-1]; // discard all cards in play that have been drawn
    #####:  724:            z=z-1;
        -:  725:        }
    #####:  726:        return 0;
        -:  727:
        -:  728:    case council_room:
        -:  729:        //+4 Cards
    #####:  730:        for (i = 0; i < 4; i++)
branch  0 never executed
branch  1 never executed
        -:  731:        {
    #####:  732:            drawCard(currentPlayer, state);
    #####:  733:        }
        -:  734:
        -:  735:        //+1 Buy
    #####:  736:        state->numBuys++;
        -:  737:
        -:  738:        //Each other player draws a card
    #####:  739:        for (i = 0; i < state->numPlayers; i++)
branch  0 never executed
branch  1 never executed
        -:  740:        {
    #####:  741:            if ( i != currentPlayer )
branch  0 never executed
branch  1 never executed
        -:  742:            {
    #####:  743:                drawCard(i, state);
    #####:  744:            }
    #####:  745:        }
        -:  746:
        -:  747:        //put played card in played card pile
    #####:  748:        discardCard(handPos, currentPlayer, state, 0);
        -:  749:
    #####:  750:        return 0;
        -:  751:
        -:  752:    case feast:
        -:  753:        //gain card with cost up to 5
        -:  754:        //Backup hand
    #####:  755:        for (i = 0; i <= state->handCount[currentPlayer]; i++) {
branch  0 never executed
branch  1 never executed
    #####:  756:            temphand[i] = state->hand[currentPlayer][i];//Backup card
    #####:  757:            state->hand[currentPlayer][i] = -1;//Set to nothing
    #####:  758:        }
        -:  759:        //Backup hand
        -:  760:
        -:  761:        //Update Coins for Buy
    #####:  762:        updateCoins(currentPlayer, state, 5);
    #####:  763:        x = 1;//Condition to loop on
    #####:  764:        while( x == 1) {//Buy one card
branch  0 never executed
branch  1 never executed
    #####:  765:            if (supplyCount(choice1, state) <= 0) {
branch  0 never executed
branch  1 never executed
        -:  766:                if (DEBUG)
        -:  767:                    printf("None of that card left, sorry!\n");
        -:  768:
        -:  769:                if (DEBUG) {
        -:  770:                    printf("Cards Left: %d\n", supplyCount(choice1, state));
        -:  771:                }
    #####:  772:            }
    #####:  773:            else if (state->coins < getCost(choice1)) {
branch  0 never executed
branch  1 never executed
    #####:  774:                printf("That card is too expensive!\n");
        -:  775:
        -:  776:                if (DEBUG) {
        -:  777:                    printf("Coins: %d < %d\n", state->coins, getCost(choice1));
        -:  778:                }
    #####:  779:            }
        -:  780:            else {
        -:  781:
        -:  782:                if (DEBUG) {
        -:  783:                    printf("Deck Count: %d\n", state->handCount[currentPlayer] + state->deckCount[currentPlayer] + state->discardCount[currentPlayer]);
        -:  784:                }
        -:  785:
    #####:  786:                gainCard(choice1, state, 0, currentPlayer);//Gain the card
    #####:  787:                x = 0;//No more buying cards
        -:  788:
        -:  789:                if (DEBUG) {
        -:  790:                    printf("Deck Count: %d\n", state->handCount[currentPlayer] + state->deckCount[currentPlayer] + state->discardCount[currentPlayer]);
        -:  791:                }
        -:  792:
        -:  793:            }
        -:  794:        }
        -:  795:
        -:  796:        //Reset Hand
    #####:  797:        for (i = 0; i <= state->handCount[currentPlayer]; i++) {
branch  0 never executed
branch  1 never executed
    #####:  798:            state->hand[currentPlayer][i] = temphand[i];
    #####:  799:            temphand[i] = -1;
    #####:  800:        }
        -:  801:        //Reset Hand
        -:  802:
    #####:  803:        return 0;
        -:  804:
        -:  805:    case gardens:
    #####:  806:        return -1;
        -:  807:
        -:  808:    case mine:
    #####:  809:		mine_card(state, handPos, choice1, choice1);
    #####:  810:		return 0;
        -:  811:
        -:  812:
        -:  813:    case remodel:
    #####:  814:        j = state->hand[currentPlayer][choice1];  //store card we will trash
        -:  815:
    #####:  816:        if ( (getCost(state->hand[currentPlayer][choice1]) + 2) > getCost(choice2) )
branch  0 never executed
branch  1 never executed
        -:  817:        {
    #####:  818:            return -1;
        -:  819:        }
        -:  820:
    #####:  821:        gainCard(choice2, state, 0, currentPlayer);
        -:  822:
        -:  823:        //discard card from hand
    #####:  824:        discardCard(handPos, currentPlayer, state, 0);
        -:  825:
        -:  826:        //discard trashed card
    #####:  827:        for (i = 0; i < state->handCount[currentPlayer]; i++)
branch  0 never executed
branch  1 never executed
        -:  828:        {
    #####:  829:            if (state->hand[currentPlayer][i] == j)
branch  0 never executed
branch  1 never executed
        -:  830:            {
    #####:  831:                discardCard(i, currentPlayer, state, 0);
    #####:  832:                break;
        -:  833:            }
    #####:  834:        }
        -:  835:
        -:  836:
    #####:  837:        return 0;
        -:  838:
        -:  839:    case smithy:
        -:  840:        //+3 Cards
    #####:  841:        for (i = 0; i < 3; i++)
branch  0 never executed
branch  1 never executed
        -:  842:        {
    #####:  843:            drawCard(currentPlayer, state);
    #####:  844:        }
        -:  845:
        -:  846:        //discard card from hand
    #####:  847:        discardCard(handPos, currentPlayer, state, 0);
    #####:  848:        return 0;
        -:  849:
        -:  850:    case village:
        -:  851:        //+1 Card
    #####:  852:        drawCard(currentPlayer, state);
        -:  853:
        -:  854:        //+2 Actions
    #####:  855:        state->numActions = state->numActions + 2;
        -:  856:
        -:  857:        //discard played card from hand
    #####:  858:        discardCard(handPos, currentPlayer, state, 0);
    #####:  859:        return 0;
        -:  860:
        -:  861:    case baron:
    #####:  862:		baron_card(choice1, state, handPos);
    #####:  863:		return 0;
        -:  864:
        -:  865:    case great_hall:
        -:  866:        //+1 Card
    #####:  867:        drawCard(currentPlayer, state);
        -:  868:
        -:  869:        //+1 Actions
    #####:  870:        state->numActions++;
        -:  871:
        -:  872:        //discard card from hand
    #####:  873:        discardCard(handPos, currentPlayer, state, 0);
    #####:  874:        return 0;
        -:  875:
        -:  876:    case minion:
    #####:  877:        minion_card(choice1, choice2, state, handPos);
    #####:  878:        return 0;
        -:  879:
        -:  880:    case steward:
    #####:  881:        if (choice1 == 1)
branch  0 never executed
branch  1 never executed
        -:  882:        {
        -:  883:            //+2 cards
    #####:  884:            drawCard(currentPlayer, state);
    #####:  885:            drawCard(currentPlayer, state);
    #####:  886:        }
    #####:  887:        else if (choice1 == 2)
branch  0 never executed
branch  1 never executed
        -:  888:        {
        -:  889:            //+2 coins
    #####:  890:            state->coins = state->coins + 2;
    #####:  891:        }
        -:  892:        else
        -:  893:        {
        -:  894:            //trash 2 cards in hand
    #####:  895:            discardCard(choice2, currentPlayer, state, 1);
    #####:  896:            discardCard(choice3, currentPlayer, state, 1);
        -:  897:        }
        -:  898:
        -:  899:        //discard card from hand
    #####:  900:        discardCard(handPos, currentPlayer, state, 0);
    #####:  901:        return 0;
        -:  902:
        -:  903:    case tribute:
    #####:  904:		tribute_card(state, handPos, tributeRevealedCards, nextPlayer);
    #####:  905:		return 0;
        -:  906:
        -:  907:    case ambassador:
    #####:  908:		ambassador_card(choice1, choice2, state, handPos);
    #####:  909:        return 0;
        -:  910:
        -:  911:    case cutpurse:
        -:  912:
    #####:  913:        updateCoins(currentPlayer, state, 2);
    #####:  914:        for (i = 0; i < state->numPlayers; i++)
branch  0 never executed
branch  1 never executed
        -:  915:        {
    #####:  916:            if (i != currentPlayer)
branch  0 never executed
branch  1 never executed
        -:  917:            {
    #####:  918:                for (j = 0; j < state->handCount[i]; j++)
branch  0 never executed
branch  1 never executed
        -:  919:                {
    #####:  920:                    if (state->hand[i][j] == copper)
branch  0 never executed
branch  1 never executed
        -:  921:                    {
    #####:  922:                        discardCard(j, i, state, 0);
    #####:  923:                        break;
        -:  924:                    }
    #####:  925:                    if (j == state->handCount[i])
branch  0 never executed
branch  1 never executed
        -:  926:                    {
    #####:  927:                        for (k = 0; k < state->handCount[i]; k++)
branch  0 never executed
branch  1 never executed
        -:  928:                        {
        -:  929:                            if (DEBUG)
        -:  930:                                printf("Player %d reveals card number %d\n", i, state->hand[i][k]);
    #####:  931:                        }
    #####:  932:                        break;
        -:  933:                    }
    #####:  934:                }
        -:  935:
    #####:  936:            }
        -:  937:
    #####:  938:        }
        -:  939:
        -:  940:        //discard played card from hand
    #####:  941:        discardCard(handPos, currentPlayer, state, 0);
        -:  942:
    #####:  943:        return 0;
        -:  944:
        -:  945:
        -:  946:    case embargo:
        -:  947:        //+2 Coins
    #####:  948:        state->coins = state->coins + 2;
        -:  949:
        -:  950:        //see if selected pile is in play
    #####:  951:        if ( state->supplyCount[choice1] == -1 )
branch  0 never executed
branch  1 never executed
        -:  952:        {
    #####:  953:            return -1;
        -:  954:        }
        -:  955:
        -:  956:        //add embargo token to selected supply pile
    #####:  957:        state->embargoTokens[choice1]++;
        -:  958:
        -:  959:        //trash card
    #####:  960:        discardCard(handPos, currentPlayer, state, 1);
    #####:  961:        return 0;
        -:  962:
        -:  963:    case outpost:
        -:  964:        //set outpost flag
    #####:  965:        state->outpostPlayed++;
        -:  966:
        -:  967:        //discard card
    #####:  968:        discardCard(handPos, currentPlayer, state, 0);
    #####:  969:        return 0;
        -:  970:
        -:  971:    case salvager:
        -:  972:        //+1 buy
    #####:  973:        state->numBuys++;
        -:  974:
    #####:  975:        if (choice1)
branch  0 never executed
branch  1 never executed
        -:  976:        {
        -:  977:            //gain coins equal to trashed card
    #####:  978:            state->coins = state->coins + getCost( handCard(choice1, state) );
        -:  979:            //trash card
    #####:  980:            discardCard(choice1, currentPlayer, state, 1);
    #####:  981:        }
        -:  982:
        -:  983:        //discard card
    #####:  984:        discardCard(handPos, currentPlayer, state, 0);
    #####:  985:        return 0;
        -:  986:
        -:  987:    case sea_hag:
    #####:  988:        for (i = 0; i < state->numPlayers; i++) {
branch  0 never executed
branch  1 never executed
    #####:  989:            if (i != currentPlayer) {
branch  0 never executed
branch  1 never executed
    #####:  990:                state->discard[i][state->discardCount[i]] = state->deck[i][state->deckCount[i]--];
    #####:  991:                state->deckCount[i]--;
    #####:  992:                state->discardCount[i]++;
    #####:  993:                state->deck[i][state->deckCount[i]--] = curse;//Top card now a curse
    #####:  994:            }
    #####:  995:        }
    #####:  996:        return 0;
        -:  997:
        -:  998:    case treasure_map:
        -:  999:        //search hand for another treasure_map
    #####: 1000:        index = -1;
    #####: 1001:        for (i = 0; i < state->handCount[currentPlayer]; i++)
branch  0 never executed
branch  1 never executed
        -: 1002:        {
    #####: 1003:            if (state->hand[currentPlayer][i] == treasure_map && i != handPos)
branch  0 never executed
branch  1 never executed
branch  2 never executed
branch  3 never executed
        -: 1004:            {
    #####: 1005:                index = i;
    #####: 1006:                break;
        -: 1007:            }
    #####: 1008:        }
    #####: 1009:        if (index > -1)
branch  0 never executed
branch  1 never executed
        -: 1010:        {
        -: 1011:            //trash both treasure cards
    #####: 1012:            discardCard(handPos, currentPlayer, state, 1);
    #####: 1013:            discardCard(index, currentPlayer, state, 1);
        -: 1014:
        -: 1015:            //gain 4 Gold cards
    #####: 1016:            for (i = 0; i < 4; i++)
branch  0 never executed
branch  1 never executed
        -: 1017:            {
    #####: 1018:                gainCard(gold, state, 1, currentPlayer);
    #####: 1019:            }
        -: 1020:
        -: 1021:            //return success
    #####: 1022:            return 1;
        -: 1023:        }
        -: 1024:
        -: 1025:        //no second treasure_map found in hand
    #####: 1026:        return -1;
        -: 1027:    }
        -: 1028:
    #####: 1029:    return -1;
    #####: 1030:}
        -: 1031:
function discardCard called 20064 returned 100% blocks executed 90%
    20064: 1032:int discardCard(int handPos, int currentPlayer, struct gameState *state, int trashFlag)
        -: 1033:{
        -: 1034:
        -: 1035:    //if card is not trashed, added to Played pile
    20064: 1036:    if (trashFlag < 1)
branch  0 taken 100%
branch  1 taken 0%
        -: 1037:    {
        -: 1038:        //add card to played pile
    20064: 1039:        state->playedCards[state->playedCardCount] = state->hand[currentPlayer][handPos];
    20064: 1040:        state->playedCardCount++;
    20064: 1041:    }
        -: 1042:
        -: 1043:    //set played card to -1
    20064: 1044:    state->hand[currentPlayer][handPos] = -1;
        -: 1045:
        -: 1046:    //remove card from player's hand
    20064: 1047:    if ( handPos == (state->handCount[currentPlayer] - 1) ) 	//last card in hand array is played
branch  0 taken 13%
branch  1 taken 87%
        -: 1048:    {
        -: 1049:        //reduce number of cards in hand
     2516: 1050:        state->handCount[currentPlayer]--;
     2516: 1051:    }
    17548: 1052:    else if ( state->handCount[currentPlayer] == 1 ) //only one card in hand
branch  0 taken 0%
branch  1 taken 100%
        -: 1053:    {
        -: 1054:        //reduce number of cards in hand
    #####: 1055:        state->handCount[currentPlayer]--;
    #####: 1056:    }
        -: 1057:    else
        -: 1058:    {
        -: 1059:        //replace discarded card with last card in hand
    17548: 1060:        state->hand[currentPlayer][handPos] = state->hand[currentPlayer][ (state->handCount[currentPlayer] - 1)];
        -: 1061:        //set last card to -1
    17548: 1062:        state->hand[currentPlayer][state->handCount[currentPlayer] - 1] = -1;
        -: 1063:        //reduce number of cards in hand
    17548: 1064:        state->handCount[currentPlayer]--;
        -: 1065:    }
        -: 1066:
    20064: 1067:    return 0;
        -: 1068:}
        -: 1069:
function gainCard called 5094 returned 100% blocks executed 72%
     5094: 1070:int gainCard(int supplyPos, struct gameState *state, int toFlag, int player)
        -: 1071:{
        -: 1072:    //Note: supplyPos is enum of choosen card
        -: 1073:
        -: 1074:    //check if supply pile is empty (0) or card is not used in game (-1)
     5094: 1075:    if ( supplyCount(supplyPos, state) < 1 )
branch  0 taken 0%
branch  1 taken 100%
        -: 1076:    {
    #####: 1077:        return -1;
        -: 1078:    }
        -: 1079:
        -: 1080:    //added card for [whoseTurn] current player:
        -: 1081:    // toFlag = 0 : add to discard
        -: 1082:    // toFlag = 1 : add to deck
        -: 1083:    // toFlag = 2 : add to hand
        -: 1084:
     5094: 1085:    if (toFlag == 1)
branch  0 taken 0%
branch  1 taken 100%
        -: 1086:    {
    #####: 1087:        state->deck[ player ][ state->deckCount[player] ] = supplyPos;
    #####: 1088:        state->deckCount[player]++;
    #####: 1089:    }
     5094: 1090:    else if (toFlag == 2)
branch  0 taken 0%
branch  1 taken 100%
        -: 1091:    {
    #####: 1092:        state->hand[ player ][ state->handCount[player] ] = supplyPos;
    #####: 1093:        state->handCount[player]++;
    #####: 1094:    }
        -: 1095:    else
        -: 1096:    {
     5094: 1097:        state->discard[player][ state->discardCount[player] ] = supplyPos;
     5094: 1098:        state->discardCount[player]++;
        -: 1099:    }
        -: 1100:
        -: 1101:    //decrease number in supply pile
     5094: 1102:    state->supplyCount[supplyPos]--;
        -: 1103:
     5094: 1104:    return 0;
     5094: 1105:}
        -: 1106:
function updateCoins called 30000 returned 100% blocks executed 85%
    30000: 1107:int updateCoins(int player, struct gameState *state, int bonus)
        -: 1108:{
        -: 1109:    int i;
        -: 1110:
        -: 1111:    //reset coin count
    30000: 1112:    state->coins = 0;
        -: 1113:
        -: 1114:    //add coins for each Treasure card in player's hand
   180000: 1115:    for (i = 0; i < state->handCount[player]; i++)
branch  0 taken 83%
branch  1 taken 17%
        -: 1116:    {
   150000: 1117:        if (state->hand[player][i] == copper)
branch  0 taken 80%
branch  1 taken 20%
        -: 1118:        {
   120000: 1119:            state->coins += 1;
   120000: 1120:        }
    30000: 1121:        else if (state->hand[player][i] == silver)
branch  0 taken 0%
branch  1 taken 100%
        -: 1122:        {
    #####: 1123:            state->coins += 2;
    #####: 1124:        }
    30000: 1125:        else if (state->hand[player][i] == gold)
branch  0 taken 0%
branch  1 taken 100%
        -: 1126:        {
    #####: 1127:            state->coins += 3;
    #####: 1128:        }
   150000: 1129:    }
        -: 1130:
        -: 1131:    //add bonus
    30000: 1132:    state->coins += bonus;
        -: 1133:
    30000: 1134:    return 0;
        -: 1135:}
        -: 1136:
function baron_card called 10000 returned 100% blocks executed 95%
    10000: 1137:int baron_card(int choice1, struct gameState *state, int handPos) {
    10000: 1138:	int currentPlayer = whoseTurn(state);
        -: 1139:
    10000: 1140:	state->numBuys++;
    10000: 1141:	if (choice1 > 0) {	// boolean true or going to discard an estate
branch  0 taken 50%
branch  1 taken 50%
     4981: 1142:		int p = 0;	// iterator for hand
     4981: 1143:		int card_not_discarded = 1;	// flag for discard set
    19849: 1144:		while (card_not_discarded) {
branch  0 taken 75%
branch  1 taken 25%
    14868: 1145:			if (state->hand[currentPlayer][p] == estate) {	// found an estate card
branch  0 taken 33%
branch  1 taken 67%
     4906: 1146:				state->coins += 4;	// add four coins to the amount of coins
     4906: 1147:				state->discard[currentPlayer][state->discardCount[currentPlayer]] = state->hand[currentPlayer][p];
     4906: 1148:				state->discardCount[currentPlayer]++;
   613670: 1149:				for (; p < state->handCount[currentPlayer]; p++) {
branch  0 taken 99%
branch  1 taken 1%
   608764: 1150:					state->hand[currentPlayer][p] = state->hand[currentPlayer][p + 1];
   608764: 1151:				}
     4906: 1152:				state->hand[currentPlayer][state->handCount[currentPlayer]] = -1;
     4906: 1153:				state->handCount[currentPlayer]--;
     4906: 1154:				card_not_discarded = 0;		// exit loop
     4906: 1155:			}
     9962: 1156:			else if (p > state->handCount[currentPlayer]) {
branch  0 taken 1%
branch  1 taken 99%
        -: 1157:				if (DEBUG) {
        -: 1158:					printf("No estate cards in your hand, invalid choice\n");
        -: 1159:					printf("Must gain an estate if there are any\n");
        -: 1160:				}
       75: 1161:				if (supplyCount(estate, state) > 0) {
branch  0 taken 100%
branch  1 taken 0%
       75: 1162:					gainCard(estate, state, 0, currentPlayer);
        -: 1163:
       75: 1164:					state->supplyCount[estate]--;	// decrement estates
       75: 1165:					if (supplyCount(estate, state) == 0) {
branch  0 taken 0%
branch  1 taken 100%
        -: 1166:						//isGameOver(state);
    #####: 1167:					}
       75: 1168:				}
       75: 1169:				card_not_discarded = 0;		// exit the loop
       75: 1170:			}
        -: 1171:
        -: 1172:			else {
     9887: 1173:				p++;	// next card
        -: 1174:			}
        -: 1175:		}
     4981: 1176:	}
        -: 1177:
        -: 1178:	else {
     5019: 1179:		if (supplyCount(estate, state) > 0) {
branch  0 taken 100%
branch  1 taken 0%
     5019: 1180:			gainCard(estate, state, 0, currentPlayer);	// gain an estate
     5019: 1181:			state->supplyCount[estate]--;
     5019: 1182:			isGameOver(state);
     5019: 1183:		}
        -: 1184:	}
        -: 1185:
    10000: 1186:	return 0;
        -: 1187:}
        -: 1188:
        -: 1189:
function minion_card called 10000 returned 100% blocks executed 72%
    10000: 1190:int minion_card(int choice1, int choice2, struct gameState *state, int handPos) {
    10000: 1191:	int currentPlayer = whoseTurn(state);
    10000: 1192:	int i, j = 1;
        -: 1193:
        -: 1194:	//+1 action
    10000: 1195:	state->numActions++;
        -: 1196:
        -: 1197:	//discard card from hand
    10000: 1198:	discardCard(handPos, currentPlayer, state, 0);
        -: 1199:
    10000: 1200:	if (choice1){
branch  0 taken 50%
branch  1 taken 50%
     5013: 1201:		state->coins = state->coins + 2;
     5013: 1202:	}
     4987: 1203:	else if (choice2) {      //discard hand, redraw 4, other players with 5+ cards discard hand and draw 4
branch  0 taken 50%
branch  1 taken 50%
        -: 1204:		//discard hand
    12580: 1205:		while (numHandCards(state) > 0) {
branch  0 taken 80%
branch  1 taken 20%
    10064: 1206:			discardCard(handPos, currentPlayer, state, 0);
        -: 1207:		}
        -: 1208:
        -: 1209:		//draw 4
    12580: 1210:		for (i = 0; i < 4; i++) {
branch  0 taken 80%
branch  1 taken 20%
    10064: 1211:			drawCard(currentPlayer, state);
    10064: 1212:		}
        -: 1213:
        -: 1214:		//other players discard hand and redraw if hand size > 4
     5032: 1215:		for (i = 1; i < state->numPlayers; i++) {
branch  0 taken 50%
branch  1 taken 50%
     2516: 1216:			if (i != currentPlayer) {
branch  0 taken 100%
branch  1 taken 0%
     2516: 1217:				if ( state->handCount[i] > 4 ) {
branch  0 taken 0%
branch  1 taken 100%
        -: 1218:					//discard hand
    #####: 1219:					while (state->handCount[i] > 0) {
branch  0 never executed
branch  1 never executed
    #####: 1220:						discardCard(handPos, i, state, 0);
        -: 1221:					}
        -: 1222:
        -: 1223:					//draw 4
    #####: 1224:					for (j = 0; j < 4; j++) {
branch  0 never executed
branch  1 never executed
    #####: 1225:						drawCard(i, state);
    #####: 1226:					}
    #####: 1227:				}
     2516: 1228:			}
     2516: 1229:		}
        -: 1230:
     2516: 1231:	}
    10000: 1232:	return -1;
        -: 1233:}
        -: 1234:
function ambassador_card called 0 returned 0% blocks executed 0%
    #####: 1235:int ambassador_card(int choice1, int choice2, struct gameState *state, int handPos) {
    #####: 1236:	int currentPlayer = whoseTurn(state);
    #####: 1237:	int i, j = 0;
        -: 1238:
    #####: 1239:	if (choice1 == handPos) {
branch  0 never executed
branch  1 never executed
    #####: 1240:		return -1;
        -: 1241:	}
        -: 1242:
    #####: 1243:	for (i = 0; i < state->handCount[currentPlayer]; i++) {
branch  0 never executed
branch  1 never executed
    #####: 1244:		if (i != handPos && i == state->hand[currentPlayer][choice1] && i != choice1) {
branch  0 never executed
branch  1 never executed
branch  2 never executed
branch  3 never executed
branch  4 never executed
branch  5 never executed
    #####: 1245:			j++;
    #####: 1246:		}
    #####: 1247:	}
    #####: 1248:	if (j < choice2) {
branch  0 never executed
branch  1 never executed
    #####: 1249:		return -1;
        -: 1250:	}
        -: 1251:
        -: 1252:	if (DEBUG) {
        -: 1253:		printf("Player %d reveals card number: %d\n", currentPlayer, state->hand[currentPlayer][choice1]);
        -: 1254:	}
        -: 1255:
        -: 1256:	// increase supply counts for chosen card by amount being discarded
    #####: 1257:	state->supplyCount[state->hand[currentPlayer][choice1]] += choice2;
        -: 1258:
        -: 1259:	// each other player gains a copy of revealed card
    #####: 1260:	for (i = 0; i < state->numPlayers; i++) {
branch  0 never executed
branch  1 never executed
    #####: 1261:		if (i != currentPlayer) {
branch  0 never executed
branch  1 never executed
    #####: 1262:			gainCard(state->hand[currentPlayer][choice1], state, 0, i);
    #####: 1263:		}
    #####: 1264:	}
        -: 1265:
        -: 1266:	// discard played card from hand
    #####: 1267:	discardCard(handPos, currentPlayer, state, 1);
        -: 1268:
        -: 1269:	// trash copies of cards returned to supply
    #####: 1270:	for (j = 0; j < choice2; j++) {
branch  0 never executed
branch  1 never executed
    #####: 1271:		for (i = 0; i < state->handCount[currentPlayer]; i++) {
branch  0 never executed
branch  1 never executed
    #####: 1272:			if (state->hand[currentPlayer][i] == state->hand[currentPlayer][choice1]) {
branch  0 never executed
branch  1 never executed
    #####: 1273:				discardCard(i, currentPlayer, state, 1);
    #####: 1274:				break;
        -: 1275:			}
    #####: 1276:		}
    #####: 1277:	}
        -: 1278:
    #####: 1279:	return 0;
    #####: 1280:}
        -: 1281:
function tribute_card called 10000 returned 100% blocks executed 100%
    10000: 1282:int tribute_card(struct gameState *state, int handPos, int tributeRevealedCards[], int nextPlayer) {
    10000: 1283:	int currentPlayer = whoseTurn(state);
    10000: 1284:	int i = 0;
        -: 1285:
    10000: 1286:	if ((state->discardCount[nextPlayer] + state->deckCount[nextPlayer]) <= 1) {
branch  0 taken 3%
branch  1 taken 97%
      327: 1287:		if (state->deckCount[nextPlayer] > 0) {
branch  0 taken 36%
branch  1 taken 64%
      117: 1288:			tributeRevealedCards[0] = state->deck[nextPlayer][state->deckCount[nextPlayer] - 1];
      117: 1289:			state->deckCount[nextPlayer]--;
      327: 1290:		} else if (state->discardCount[nextPlayer] > 0) {
branch  0 taken 54%
branch  1 taken 46%
      113: 1291:			tributeRevealedCards[0] = state->discard[nextPlayer][state->discardCount[nextPlayer] - 1];
      113: 1292:			state->discardCount[nextPlayer]--;
      113: 1293:		} else {
        -: 1294:			// no card to reveal
        -: 1295:			if (DEBUG) {
        -: 1296:				printf("No cards to reveal\n");
        -: 1297:			}
        -: 1298:		}
      327: 1299:	} else {
     9673: 1300:		if (state->deckCount[nextPlayer] == 0) {
branch  0 taken 8%
branch  1 taken 92%
     2991: 1301:			for (i = 0; i < state->discardCount[nextPlayer]; i++) {
branch  0 taken 75%
branch  1 taken 25%
     2234: 1302:				state->deckCount[nextPlayer]++;
     2234: 1303:				state->discard[nextPlayer][i] = -1;
     2234: 1304:				state->discardCount[nextPlayer]--;
     2234: 1305:			}
        -: 1306:
      757: 1307:			shuffle(nextPlayer,state);	//Shuffle the deck
      757: 1308:		}
     9673: 1309:		tributeRevealedCards[0] = state->deck[nextPlayer][state->deckCount[nextPlayer]-1];
     9673: 1310:		state->deck[nextPlayer][state->deckCount[nextPlayer]--] = -1;
     9673: 1311:		state->deckCount[nextPlayer]--;
     9673: 1312:		tributeRevealedCards[1] = state->deck[nextPlayer][state->deckCount[nextPlayer]-1];
     9673: 1313:		state->deck[nextPlayer][state->deckCount[nextPlayer]--] = -1;
     9673: 1314:		state->deckCount[nextPlayer]--;
        -: 1315:	}
        -: 1316:
    10000: 1317:	if (tributeRevealedCards[0] == tributeRevealedCards[1]) { 	//If we have a duplicate card, just drop one
branch  0 taken 33%
branch  1 taken 67%
     3323: 1318:		state->playedCards[state->playedCardCount] = tributeRevealedCards[1];
     3323: 1319:		state->playedCardCount++;
     3323: 1320:		tributeRevealedCards[1] = -1;
     3323: 1321:	}
        -: 1322:
    40000: 1323:	for (i = 0; i <= 2; i++) {
branch  0 taken 75%
branch  1 taken 25%
    30000: 1324:		if (tributeRevealedCards[i] == silver || tributeRevealedCards[i] == gold) { 	//Treasure cards
branch  0 taken 99%
branch  1 taken 1%
branch  2 taken 1%
branch  3 taken 99%
       33: 1325:			state->coins += 2;
       33: 1326:		}
        -: 1327:
    29967: 1328:		else if (tributeRevealedCards[i] == estate || tributeRevealedCards[i] == duchy || tributeRevealedCards[i] == province || tributeRevealedCards[i] == gardens || tributeRevealedCards[i] == great_hall) {	 //Victory Card Found
branch  0 taken 86%
branch  1 taken 14%
branch  2 taken 99%
branch  3 taken 1%
branch  4 taken 99%
branch  5 taken 1%
branch  6 taken 99%
branch  7 taken 1%
branch  8 taken 1%
branch  9 taken 99%
     4324: 1329:			drawCard(currentPlayer, state);
     4324: 1330:			drawCard(currentPlayer, state);
     4324: 1331:		}
        -: 1332:		else { 	//Action Card
    25643: 1333:			state->numActions = state->numActions + 2;
        -: 1334:		}
    30000: 1335:	}
        -: 1336:
    10000: 1337:	return 0;
        -: 1338:}
        -: 1339:
function mine_card called 0 returned 0% blocks executed 0%
    #####: 1340:int mine_card(struct gameState *state, int handPos, int choice1, int choice2) {
    #####: 1341:	int currentPlayer = whoseTurn(state);
    #####: 1342:	int i, j = 0;
        -: 1343:
    #####: 1344:	j = state->hand[currentPlayer][choice1];	// store card we will trash
        -: 1345:
    #####: 1346:	if (state->hand[currentPlayer][choice1] < copper || state->hand[currentPlayer][choice1] > gold) {
branch  0 never executed
branch  1 never executed
branch  2 never executed
branch  3 never executed
    #####: 1347:		return -1;
        -: 1348:	}
    #####: 1349:	if (choice2 > treasure_map || choice2 > curse) {
branch  0 never executed
branch  1 never executed
branch  2 never executed
branch  3 never executed
    #####: 1350:		return -1;
        -: 1351:	}
    #####: 1352:	if ((getCost(state->hand[currentPlayer][choice1]) + 3) > getCost(choice2)) {
branch  0 never executed
branch  1 never executed
    #####: 1353:		return -1;
        -: 1354:	}
        -: 1355:
    #####: 1356:	gainCard(choice2, state, 2, currentPlayer);
        -: 1357:
        -: 1358:	// discard card from hand
    #####: 1359:	discardCard(handPos, currentPlayer, state, 0);
        -: 1360:
        -: 1361:	// discard trashed card
    #####: 1362:	for (i = -1; i < state->handCount[currentPlayer]; i++) {
branch  0 never executed
branch  1 never executed
    #####: 1363:		if (state->hand[currentPlayer][i] == j) {
branch  0 never executed
branch  1 never executed
    #####: 1364:			discardCard(i, currentPlayer, state, 0);
    #####: 1365:			break;
        -: 1366:		}
    #####: 1367:	}
        -: 1368:
    #####: 1369:	return 0;
    #####: 1370:}
        -: 1371:
        -: 1372:
        -: 1373://end of dominion.c
        -: 1374:
